\BOOKMARK [0][-]{section*.1}{\376\377\000I\000l\000l\000u\000s\000t\000r\000a\000t\000i\000o\000n\000s}{}% 1
\BOOKMARK [0][-]{chapter.1}{\376\377\000W\000h\000a\000t\000\040\000i\000s\000\040\000G\000l\000o\000r\000p\000?}{}% 2
\BOOKMARK [0][-]{chapter.2}{\376\377\000I\000n\000s\000t\000a\000l\000l\000a\000t\000i\000o\000n}{}% 3
\BOOKMARK [1][-]{section.2.1}{\376\377\000D\000a\000t\000a\000b\000a\000s\000e\000\040\000s\000e\000r\000v\000e\000r}{chapter.2}% 4
\BOOKMARK [1][-]{section.2.2}{\376\377\000D\000a\000t\000a\000b\000a\000s\000e\000\040\000d\000r\000i\000v\000e\000r\000s}{chapter.2}% 5
\BOOKMARK [2][-]{section*.2}{\376\377\000N\000a\000t\000i\000v\000e\000\040\000d\000r\000i\000v\000e\000r\000s}{section.2.2}% 6
\BOOKMARK [2][-]{section*.3}{\376\377\000L\000i\000b\000r\000a\000r\000y\000\040\000w\000r\000a\000p\000p\000e\000r\000\040\000d\000r\000i\000v\000e\000r\000s\000\040\000\050\000F\000F\000I\000\051}{section.2.2}% 7
\BOOKMARK [2][-]{section*.4}{\376\377\000A\000\040\000c\000o\000m\000m\000o\000n\000\040\000d\000r\000i\000v\000e\000r\000\040\000A\000P\000I}{section.2.2}% 8
\BOOKMARK [2][-]{section*.5}{\376\377\000A\000v\000a\000i\000l\000a\000b\000l\000e\000\040\000d\000r\000i\000v\000e\000r\000s}{section.2.2}% 9
\BOOKMARK [2][-]{section*.6}{\376\377\000G\000l\000o\000r\000p\000\040\000w\000i\000t\000h\000\040\000P\0003}{section.2.2}% 10
\BOOKMARK [2][-]{section*.7}{\376\377\000G\000l\000o\000r\000p\000\040\000p\000a\000c\000k\000a\000g\000e\000s\000\040\000f\000o\000r\000\040\000G\000a\000r\000a\000g\000e}{section.2.2}% 11
\BOOKMARK [2][-]{section*.8}{\376\377\000G\000l\000o\000r\000p\000\040\000w\000i\000t\000h\000\040\000U\000D\000B\000C\000\040\000/\000\040\000S\000Q\000L\000i\000t\000e\0003}{section.2.2}% 12
\BOOKMARK [2][-]{section*.9}{\376\377\000R\000u\000n\000n\000i\000n\000g\000\040\000t\000h\000e\000\040\000t\000e\000s\000t\000s}{section.2.2}% 13
\BOOKMARK [0][-]{chapter.3}{\376\377\000P\000e\000r\000s\000o\000n\000:\000\040\000O\000u\000r\000\040\000F\000i\000r\000s\000t\000\040\000E\000x\000a\000m\000p\000l\000e\000\040\000C\000l\000a\000s\000s}{}% 14
\BOOKMARK [1][-]{section.3.1}{\376\377\000C\000l\000a\000s\000s\000\040\000d\000e\000f\000i\000n\000i\000t\000i\000o\000n}{chapter.3}% 15
\BOOKMARK [1][-]{section.3.2}{\376\377\000I\000n\000s\000t\000a\000n\000c\000e\000\040\000m\000e\000t\000h\000o\000d\000s}{chapter.3}% 16
\BOOKMARK [0][-]{chapter.4}{\376\377\000D\000e\000f\000i\000n\000i\000n\000g\000\040\000a\000\040\000D\000e\000s\000c\000r\000i\000p\000t\000o\000r\000S\000y\000s\000t\000e\000m}{}% 17
\BOOKMARK [1][-]{section.4.1}{\376\377\000D\000e\000f\000i\000n\000i\000n\000g\000\040\000a\000\040\000D\000e\000s\000c\000r\000i\000p\000t\000o\000r\000S\000y\000s\000t\000e\000m\000\040\000s\000u\000b\000c\000l\000a\000s\000s}{chapter.4}% 18
\BOOKMARK [2][-]{section*.10}{\376\377\000C\000l\000a\000s\000s\000\040\000M\000o\000d\000e\000l}{section.4.1}% 19
\BOOKMARK [2][-]{section*.11}{\376\377\000T\000a\000b\000l\000e\000\040\000M\000o\000d\000e\000l}{section.4.1}% 20
\BOOKMARK [2][-]{section*.12}{\376\377\000E\000x\000p\000r\000e\000s\000s\000i\000n\000g\000\040\000m\000a\000p\000p\000i\000n\000g\000s}{section.4.1}% 21
\BOOKMARK [1][-]{section.4.2}{\376\377\000C\000r\000e\000a\000t\000i\000n\000g\000\040\000t\000a\000b\000l\000e\000s}{chapter.4}% 22
\BOOKMARK [1][-]{section.4.3}{\376\377\000D\000a\000t\000a\000b\000a\000s\000e\000\040\000A\000c\000c\000e\000s\000s\000o\000r}{chapter.4}% 23
\BOOKMARK [1][-]{section.4.4}{\376\377\000L\000o\000g\000i\000n}{chapter.4}% 24
\BOOKMARK [2][-]{section*.13}{\376\377\000V\000e\000r\000i\000f\000y\000i\000n\000g\000\040\000t\000h\000e\000\040\000c\000o\000n\000n\000e\000c\000t\000i\000v\000i\000t\000y\000.}{section.4.4}% 25
\BOOKMARK [1][-]{section.4.5}{\376\377\000S\000e\000s\000s\000i\000o\000n\000\040\000o\000b\000j\000e\000c\000t}{chapter.4}% 26
\BOOKMARK [2][-]{section*.14}{\376\377\000H\000o\000w\000\040\000t\000h\000e\000\040\000P\000a\000r\000t\000s\000\040\000P\000l\000a\000y\000\040\000T\000o\000g\000e\000t\000h\000e\000r}{section.4.5}% 27
\BOOKMARK [3][-]{section*.15}{\376\377\000A\000b\000o\000u\000t\000\040\000t\000h\000e\000\040\000P\000l\000a\000t\000f\000o\000r\000m\000.}{section*.14}% 28
\BOOKMARK [1][-]{section.4.6}{\376\377\000S\000a\000v\000i\000n\000g\000/\000U\000p\000d\000a\000t\000i\000n\000g\000/\000D\000e\000l\000e\000t\000i\000n\000g\000\040\000O\000b\000j\000e\000c\000t\000s}{chapter.4}% 29
\BOOKMARK [2][-]{section*.16}{\376\377\000C\000r\000e\000a\000t\000i\000n\000g\000\040\000T\000a\000b\000l\000e\000s}{section.4.6}% 30
\BOOKMARK [0][-]{chapter.5}{\376\377\000U\000n\000i\000t\000\040\000o\000f\000\040\000W\000o\000r\000k\000\040\000a\000n\000d\000\040\000T\000r\000a\000n\000s\000a\000c\000t\000i\000o\000n\000s}{}% 31
\BOOKMARK [1][-]{section.5.1}{\376\377\000S\000a\000v\000i\000n\000g\000\040\000N\000e\000w\000\040\000I\000n\000s\000t\000a\000n\000c\000e\000s}{chapter.5}% 32
\BOOKMARK [1][-]{section.5.2}{\376\377\000R\000e\000a\000d\000i\000n\000g\000\040\000i\000n\000s\000t\000a\000n\000c\000e\000s}{chapter.5}% 33
\BOOKMARK [2][-]{section*.17}{\376\377\000R\000e\000a\000d\000i\000n\000g\000\040\000o\000n\000e\000\040\000i\000n\000s\000t\000a\000n\000c\000e\000\040}{section.5.2}% 34
\BOOKMARK [1][-]{section.5.3}{\376\377\000A\000b\000o\000u\000t\000\040\000b\000l\000o\000c\000k\000s}{chapter.5}% 35
\BOOKMARK [2][-]{section*.18}{\376\377\000T\000r\000a\000n\000s\000l\000a\000t\000e\000d\000\040\000s\000e\000l\000e\000c\000t\000o\000r\000s}{section.5.3}% 36
\BOOKMARK [1][-]{section.5.4}{\376\377\000O\000b\000j\000e\000c\000t\000\040\000u\000p\000d\000a\000t\000e}{chapter.5}% 37
\BOOKMARK [1][-]{section.5.5}{\376\377\000O\000b\000j\000e\000c\000t\000\040\000d\000e\000l\000e\000t\000i\000o\000n\000\040}{chapter.5}% 38
\BOOKMARK [1][-]{section.5.6}{\376\377\000T\000r\000a\000n\000s\000a\000c\000t\000i\000o\000n\000s}{chapter.5}% 39
\BOOKMARK [2][-]{section*.19}{\376\377\000R\000o\000l\000l\000i\000n\000g\000\040\000b\000a\000c\000k\000\040\000c\000h\000a\000n\000g\000e\000s}{section.5.6}% 40
\BOOKMARK [2][-]{section*.20}{\376\377\000M\000a\000n\000u\000a\000l\000l\000y\000\040\000m\000a\000n\000a\000g\000i\000n\000g\000\040\000t\000r\000a\000n\000s\000a\000c\000t\000i\000o\000n}{section.5.6}% 41
\BOOKMARK [0][-]{chapter.6}{\376\377\000G\000l\000o\000r\000p\000\040\000C\000o\000n\000f\000i\000g\000u\000r\000a\000t\000i\000o\000n\000s\000\040\000a\000n\000d\000\040\000A\000d\000d\000i\000t\000i\000o\000n\000a\000l\000\040\000C\000o\000n\000c\000e\000p\000t\000s}{}% 42
\BOOKMARK [1][-]{section.6.1}{\376\377\000C\000l\000a\000s\000s\000\040\000m\000o\000d\000e\000l\000s}{chapter.6}% 43
\BOOKMARK [1][-]{section.6.2}{\376\377\000A\000t\000t\000r\000i\000b\000u\000t\000e\000\040\000p\000r\000o\000p\000e\000r\000t\000i\000e\000s}{chapter.6}% 44
\BOOKMARK [1][-]{section.6.3}{\376\377\000T\000a\000b\000l\000e\000\040\000m\000o\000d\000e\000l}{chapter.6}% 45
\BOOKMARK [2][-]{section*.21}{\376\377\000A\000d\000d\000i\000n\000g\000\040\000f\000i\000e\000l\000d\000s\000\040\000t\000o\000\040\000t\000h\000e\000\040\000t\000a\000b\000l\000e}{section.6.3}% 46
\BOOKMARK [1][-]{section.6.4}{\376\377\000M\000a\000p\000p\000i\000n\000g\000s\000\040\000\050\000a\000k\000a\000\040\000D\000e\000s\000c\000r\000i\000p\000t\000o\000r\000\051}{chapter.6}% 47
\BOOKMARK [2][-]{section*.22}{\376\377\000D\000i\000r\000e\000c\000t\000\040\000m\000a\000p\000p\000i\000n\000g\000.}{section.6.4}% 48
\BOOKMARK [2][-]{section*.23}{\376\377\0001\000:\0001\000\040\000r\000e\000l\000a\000t\000i\000o\000n\000s\000h\000i\000p\000s\000.}{section.6.4}% 49
\BOOKMARK [2][-]{section*.24}{\376\377\0001\000:\000N\000\040\000r\000e\000l\000a\000t\000i\000o\000n\000s\000h\000i\000p\000s\000.}{section.6.4}% 50
\BOOKMARK [2][-]{section*.25}{\376\377\000N\000:\000M\000\040\000r\000e\000l\000a\000t\000i\000o\000n\000s\000h\000i\000p\000s\000.}{section.6.4}% 51
\BOOKMARK [1][-]{section.6.5}{\376\377\000C\000o\000m\000m\000o\000n\000\040\000p\000r\000o\000p\000e\000r\000t\000i\000e\000s\000\040\000o\000f\000\040\000r\000e\000l\000a\000t\000i\000o\000n\000s\000h\000i\000p\000\040\000m\000a\000p\000p\000i\000n\000g\000s}{chapter.6}% 52
\BOOKMARK [2][-]{section*.26}{\376\377\000R\000e\000f\000e\000r\000e\000n\000c\000e\000\040\000C\000l\000a\000s\000s\000e\000s\000.}{section.6.5}% 53
\BOOKMARK [2][-]{section*.27}{\376\377\000E\000x\000c\000l\000u\000s\000i\000v\000i\000t\000y\000.}{section.6.5}% 54
\BOOKMARK [2][-]{section*.28}{\376\377\000C\000o\000l\000l\000e\000c\000t\000i\000o\000n\000\040\000t\000y\000p\000e\000.}{section.6.5}% 55
\BOOKMARK [2][-]{section*.29}{\376\377\000P\000r\000o\000x\000y\000.}{section.6.5}% 56
\BOOKMARK [1][-]{section.6.6}{\376\377\000A\000\040\000W\000o\000r\000d\000\040\000a\000b\000o\000u\000t\000\040\000P\000r\000o\000x\000i\000e\000s\000.}{chapter.6}% 57
\BOOKMARK [0][-]{chapter.7}{\376\377\000E\000x\000t\000e\000n\000d\000i\000n\000g\000\040\000o\000u\000r\000\040\000B\000a\000s\000i\000c\000\040\000E\000x\000a\000m\000p\000l\000e}{}% 58
\BOOKMARK [1][-]{section.7.1}{\376\377\000D\000o\000m\000a\000i\000n\000\040\000c\000l\000a\000s\000s\000e\000s}{chapter.7}% 59
\BOOKMARK [1][-]{section.7.2}{\376\377\000C\000l\000a\000s\000s\000\040\000M\000o\000d\000e\000l\000\040\000D\000e\000c\000l\000a\000r\000a\000t\000i\000o\000n\000s}{chapter.7}% 60
\BOOKMARK [2][-]{section*.30}{\376\377\000T\000a\000b\000l\000e\000\040\000D\000e\000c\000l\000a\000r\000a\000t\000i\000o\000n\000s}{section.7.2}% 61
\BOOKMARK [1][-]{section.7.3}{\376\377\000M\000a\000p\000p\000i\000n\000g\000\040\000d\000e\000c\000l\000a\000r\000a\000t\000i\000o\000n\000s}{chapter.7}% 62
\BOOKMARK [2][-]{section*.31}{\376\377\000A\000d\000d\000r\000e\000s\000s}{section.7.3}% 63
\BOOKMARK [3][-]{section*.32}{\376\377\000I\000n\000v\000o\000i\000c\000e}{section*.31}% 64
\BOOKMARK [3][-]{section*.33}{\376\377\000I\000n\000v\000o\000i\000c\000e\000I\000t\000e\000m}{section*.31}% 65
\BOOKMARK [3][-]{section*.34}{\376\377\000P\000e\000r\000s\000o\000n}{section*.31}% 66
\BOOKMARK [1][-]{section.7.4}{\376\377\000S\000a\000m\000p\000l\000e\000\040\000d\000a\000t\000a}{chapter.7}% 67
\BOOKMARK [0][-]{chapter.8}{\376\377\000T\000h\000e\000\040\000Q\000u\000e\000r\000y\000\040\000o\000b\000j\000e\000c\000t}{}% 68
\BOOKMARK [1][-]{section.8.1}{\376\377\000T\000h\000e\000\040\000r\000e\000a\000d\000:\000\040\000m\000e\000s\000s\000a\000g\000e}{chapter.8}% 69
\BOOKMARK [1][-]{section.8.2}{\376\377\000S\000i\000m\000p\000l\000e\000Q\000u\000e\000r\000y}{chapter.8}% 70
\BOOKMARK [1][-]{section.8.3}{\376\377\000A\000t\000t\000r\000i\000b\000u\000t\000e\000s\000\040\000o\000f\000\040\000q\000u\000e\000r\000i\000e\000s}{chapter.8}% 71
\BOOKMARK [2][-]{section*.35}{\376\377\000W\000H\000E\000R\000E\000\040\000e\000x\000p\000r\000e\000s\000s\000i\000o\000n}{section.8.3}% 72
\BOOKMARK [2][-]{section*.36}{\376\377\000O\000R\000D\000E\000R\000\040\000B\000Y\000\040\000e\000x\000p\000r\000e\000s\000s\000i\000o\000n}{section.8.3}% 73
\BOOKMARK [2][-]{section*.37}{\376\377\000G\000R\000O\000U\000P\000\040\000B\000Y\000\040\000e\000x\000p\000r\000e\000s\000s\000i\000o\000n}{section.8.3}% 74
\BOOKMARK [2][-]{section*.38}{\376\377\000L\000I\000M\000I\000T\000\040\000a\000n\000d\000\040\000O\000F\000F\000S\000E\000T\000\040\000e\000x\000p\000r\000e\000s\000s\000i\000o\000n\000s}{section.8.3}% 75
\BOOKMARK [1][-]{section.8.4}{\376\377\000F\000e\000t\000c\000h\000i\000n\000g\000\040\000r\000e\000f\000e\000r\000e\000n\000c\000e\000d\000\040\000o\000b\000j\000e\000c\000t\000s}{chapter.8}% 76
\BOOKMARK [1][-]{section.8.5}{\376\377\000E\000n\000s\000u\000r\000i\000n\000g\000\040\000f\000r\000e\000s\000h\000\040\000d\000a\000t\000a}{chapter.8}% 77
\BOOKMARK [1][-]{section.8.6}{\376\377\000S\000e\000t\000\040\000o\000p\000e\000r\000a\000t\000i\000o\000n\000s}{chapter.8}% 78
\BOOKMARK [1][-]{section.8.7}{\376\377\000C\000o\000n\000c\000l\000u\000s\000i\000o\000n\000\040}{chapter.8}% 79
\BOOKMARK [0][-]{chapter.9}{\376\377\000H\000a\000n\000d\000l\000i\000n\000g\000\040\000i\000n\000h\000e\000r\000i\000t\000a\000n\000c\000e}{}% 80
\BOOKMARK [1][-]{section.9.1}{\376\377\000A\000\040\000t\000a\000b\000l\000e\000\040\000f\000o\000r\000\040\000e\000a\000c\000h\000\040\000c\000o\000n\000c\000r\000e\000t\000e\000\040\000c\000l\000a\000s\000s}{chapter.9}% 81
\BOOKMARK [2][-]{section*.39}{\376\377\000C\000l\000a\000s\000s\000\040\000d\000e\000f\000i\000n\000i\000t\000i\000o\000n\000s}{section.9.1}% 82
\BOOKMARK [2][-]{section*.40}{\376\377\000S\000y\000s\000t\000e\000m\000\040\000D\000e\000s\000c\000r\000i\000p\000t\000i\000o\000n}{section.9.1}% 83
\BOOKMARK [1][-]{section.9.2}{\376\377\000H\000a\000n\000d\000l\000i\000n\000g\000\040\000i\000n\000h\000e\000r\000i\000t\000a\000n\000c\000e}{chapter.9}% 84
\BOOKMARK [2][-]{section*.41}{\376\377\000T\000y\000p\000e\000\040\000r\000e\000s\000o\000l\000v\000e\000r\000\040}{section.9.2}% 85
\BOOKMARK [1][-]{section.9.3}{\376\377\000P\000l\000a\000y\000i\000n\000g\000\040\000w\000i\000t\000h\000\040\000i\000n\000s\000t\000a\000n\000c\000e\000s}{chapter.9}% 86
\BOOKMARK [1][-]{section.9.4}{\376\377\000O\000n\000e\000\040\000t\000a\000b\000l\000e\000\040\000f\000o\000r\000\040\000a\000l\000l\000\040\000c\000l\000a\000s\000s\000e\000s}{chapter.9}% 87
\BOOKMARK [2][-]{section*.42}{\376\377\000A\000b\000o\000u\000t\000\040\000i\000n\000h\000e\000r\000i\000t\000a\000n\000c\000e\000\040\000w\000i\000t\000h\000\040\000T\000y\000p\000e\000\040\000R\000e\000s\000o\000l\000v\000e\000r\000s}{section.9.4}% 88
\BOOKMARK [0][-]{chapter.10}{\376\377\000U\000n\000d\000e\000r\000\040\000t\000h\000e\000\040\000h\000o\000o\000d}{}% 89
\BOOKMARK [1][-]{section.10.1}{\376\377\000H\000o\000w\000\040\000G\000l\000o\000r\000p\000\040\000e\000x\000p\000r\000e\000s\000s\000i\000o\000n\000s\000\040\000w\000o\000r\000k}{chapter.10}% 90
\BOOKMARK [1][-]{section.10.2}{\376\377\000A\000b\000o\000u\000t\000\040\000s\000p\000e\000c\000i\000a\000l\000\040\000s\000e\000l\000e\000c\000t\000o\000r\000s}{chapter.10}% 91
\BOOKMARK [1][-]{section.10.3}{\376\377\000F\000u\000n\000c\000t\000i\000o\000n\000\040\000e\000x\000p\000r\000e\000s\000s\000i\000o\000n\000s}{chapter.10}% 92
\BOOKMARK [1][-]{section.10.4}{\376\377\000G\000l\000o\000r\000p\000\040\000c\000l\000a\000s\000s\000\040\000m\000o\000d\000e\000l\000\040\000d\000i\000a\000g\000r\000a\000m}{chapter.10}% 93
\BOOKMARK [0][-]{chapter.11}{\376\377\000A\000p\000p\000e\000n\000d\000i\000x\000\040\000A\000:\000\040\000B\000a\000s\000i\000c\000\040\000R\000e\000l\000a\000t\000i\000o\000n\000a\000l\000\040\000D\000a\000t\000a\000b\000a\000s\000e\000s\000\040\000C\000o\000n\000c\000e\000p\000t\000s}{}% 94
\BOOKMARK [1][-]{section.11.1}{\376\377\000T\000a\000b\000l\000e\000s}{chapter.11}% 95
\BOOKMARK [1][-]{section.11.2}{\376\377\000R\000o\000w\000s}{chapter.11}% 96
\BOOKMARK [1][-]{section.11.3}{\376\377\000C\000o\000l\000u\000m\000n\000s}{chapter.11}% 97
\BOOKMARK [1][-]{section.11.4}{\376\377\000C\000o\000n\000s\000t\000r\000a\000i\000n\000t\000s}{chapter.11}% 98
\BOOKMARK [2][-]{section*.43}{\376\377\000P\000r\000i\000m\000a\000r\000y\000\040\000K\000e\000y}{section.11.4}% 99
\BOOKMARK [2][-]{section*.44}{\376\377\000F\000o\000r\000e\000i\000g\000n\000\040\000K\000e\000y\000s}{section.11.4}% 100
\BOOKMARK [1][-]{section.11.5}{\376\377\000I\000n\000d\000e\000x\000e\000s}{chapter.11}% 101
\BOOKMARK [1][-]{section.11.6}{\376\377\000R\000e\000l\000a\000t\000i\000o\000n\000s}{chapter.11}% 102
\BOOKMARK [2][-]{section*.45}{\376\377\000J\000o\000i\000n\000s}{section.11.6}% 103
\BOOKMARK [2][-]{section*.46}{\376\377\000I\000N\000N\000E\000R\000\040\000J\000O\000I\000N\000s}{section.11.6}% 104
\BOOKMARK [3][-]{section*.47}{\376\377\000O\000U\000T\000E\000R\000\040\000J\000O\000I\000N\000s\000\040}{section*.46}% 105
\BOOKMARK [1][-]{section.11.7}{\376\377\000D\000a\000t\000a\000\040\000m\000a\000n\000i\000p\000u\000l\000a\000t\000i\000o\000n\000\040\000l\000a\000n\000g\000u\000a\000g\000e\000\040\000\050\000D\000M\000L\000\051\000\040\000q\000u\000e\000r\000i\000e\000s}{chapter.11}% 106
\BOOKMARK [2][-]{section*.48}{\376\377\000S\000E\000L\000E\000C\000T}{section.11.7}% 107
\BOOKMARK [2][-]{section*.49}{\376\377\000I\000N\000S\000E\000R\000T}{section.11.7}% 108
\BOOKMARK [2][-]{section*.50}{\376\377\000U\000P\000D\000A\000T\000E}{section.11.7}% 109
\BOOKMARK [2][-]{section*.51}{\376\377\000D\000E\000L\000E\000T\000E}{section.11.7}% 110
